[debug] [2023-09-02T17:11:26.373Z] ----------------------------------------------------------------------
[debug] [2023-09-02T17:11:26.374Z] Command:       /Users/paulkathmann/.nvm/versions/node/v16.20.0/bin/node /Users/paulkathmann/.nvm/versions/node/v16.20.0/bin/firebase deploy --only functions
[debug] [2023-09-02T17:11:26.374Z] CLI Version:   12.4.0
[debug] [2023-09-02T17:11:26.374Z] Platform:      darwin
[debug] [2023-09-02T17:11:26.374Z] Node Version:  v16.20.0
[debug] [2023-09-02T17:11:26.377Z] Time:          Sat Sep 02 2023 13:11:26 GMT-0400 (Eastern Daylight Time)
[debug] [2023-09-02T17:11:26.377Z] ----------------------------------------------------------------------
[debug] 
[debug] [2023-09-02T17:11:26.378Z] >>> [apiv2][query] GET https://firebase-public.firebaseio.com/cli.json [none]
[debug] [2023-09-02T17:11:26.416Z] > command requires scopes: ["email","openid","https://www.googleapis.com/auth/cloudplatformprojects.readonly","https://www.googleapis.com/auth/firebase","https://www.googleapis.com/auth/cloud-platform"]
[debug] [2023-09-02T17:11:26.416Z] > authorizing via signed-in user (paul.kathmann.98@gmail.com)
[debug] [2023-09-02T17:11:26.416Z] [iam] checking project smart-questionnaire for permissions ["cloudfunctions.functions.create","cloudfunctions.functions.delete","cloudfunctions.functions.get","cloudfunctions.functions.list","cloudfunctions.functions.update","cloudfunctions.operations.get","firebase.projects.get"]
[debug] [2023-09-02T17:11:26.417Z] > refreshing access token with scopes: []
[debug] [2023-09-02T17:11:26.417Z] >>> [apiv2][query] POST https://www.googleapis.com/oauth2/v3/token [none]
[debug] [2023-09-02T17:11:26.417Z] >>> [apiv2][body] POST https://www.googleapis.com/oauth2/v3/token [omitted]
[debug] [2023-09-02T17:11:26.541Z] <<< [apiv2][status] GET https://firebase-public.firebaseio.com/cli.json 200
[debug] [2023-09-02T17:11:26.541Z] <<< [apiv2][body] GET https://firebase-public.firebaseio.com/cli.json {"cloudBuildErrorAfter":1594252800000,"cloudBuildWarnAfter":1590019200000,"defaultNode10After":1594252800000,"minVersion":"3.0.5","node8DeploysDisabledAfter":1613390400000,"node8RuntimeDisabledAfter":1615809600000,"node8WarnAfter":1600128000000}
[debug] [2023-09-02T17:11:26.588Z] <<< [apiv2][status] POST https://www.googleapis.com/oauth2/v3/token 400
[debug] [2023-09-02T17:11:26.588Z] <<< [apiv2][body] POST https://www.googleapis.com/oauth2/v3/token [omitted]
[debug] [2023-09-02T17:11:26.588Z] >>> [apiv2][query] POST https://cloudresourcemanager.googleapis.com/v1/projects/smart-questionnaire:testIamPermissions [none]
[debug] [2023-09-02T17:11:26.589Z] >>> [apiv2][(partial)header] POST https://cloudresourcemanager.googleapis.com/v1/projects/smart-questionnaire:testIamPermissions x-goog-quota-user=projects/smart-questionnaire
[debug] [2023-09-02T17:11:26.589Z] >>> [apiv2][body] POST https://cloudresourcemanager.googleapis.com/v1/projects/smart-questionnaire:testIamPermissions {"permissions":["cloudfunctions.functions.create","cloudfunctions.functions.delete","cloudfunctions.functions.get","cloudfunctions.functions.list","cloudfunctions.functions.update","cloudfunctions.operations.get","firebase.projects.get"]}
[debug] [2023-09-02T17:11:26.827Z] <<< [apiv2][status] POST https://cloudresourcemanager.googleapis.com/v1/projects/smart-questionnaire:testIamPermissions 401
[debug] [2023-09-02T17:11:26.827Z] <<< [apiv2][body] POST https://cloudresourcemanager.googleapis.com/v1/projects/smart-questionnaire:testIamPermissions {"error":{"code":401,"message":"Request had invalid authentication credentials. Expected OAuth 2 access token, login cookie or other valid authentication credential. See https://developers.google.com/identity/sign-in/web/devconsole-project.","status":"UNAUTHENTICATED","details":[{"@type":"type.googleapis.com/google.rpc.ErrorInfo","reason":"ACCESS_TOKEN_TYPE_UNSUPPORTED","metadata":{"service":"cloudresourcemanager.googleapis.com","method":"google.cloudresourcemanager.v1.Projects.TestIamPermissions"}}]}}
[debug] [2023-09-02T17:11:26.828Z] [iam] error while checking permissions, command may fail: FirebaseError: HTTP Error: 401, Request had invalid authentication credentials. Expected OAuth 2 access token, login cookie or other valid authentication credential. See https://developers.google.com/identity/sign-in/web/devconsole-project.
[debug] [2023-09-02T17:11:26.829Z] > refreshing access token with scopes: []
[debug] [2023-09-02T17:11:26.830Z] >>> [apiv2][query] POST https://www.googleapis.com/oauth2/v3/token [none]
[debug] [2023-09-02T17:11:26.830Z] >>> [apiv2][body] POST https://www.googleapis.com/oauth2/v3/token [omitted]
[debug] [2023-09-02T17:11:26.994Z] <<< [apiv2][status] POST https://www.googleapis.com/oauth2/v3/token 400
[debug] [2023-09-02T17:11:26.994Z] <<< [apiv2][body] POST https://www.googleapis.com/oauth2/v3/token [omitted]
[debug] [2023-09-02T17:11:26.994Z] >>> [apiv2][query] POST https://iam.googleapis.com/v1/projects/smart-questionnaire/serviceAccounts/smart-questionnaire@appspot.gserviceaccount.com:testIamPermissions [none]
[debug] [2023-09-02T17:11:26.994Z] >>> [apiv2][body] POST https://iam.googleapis.com/v1/projects/smart-questionnaire/serviceAccounts/smart-questionnaire@appspot.gserviceaccount.com:testIamPermissions {"permissions":["iam.serviceAccounts.actAs"]}
[debug] [2023-09-02T17:11:27.172Z] <<< [apiv2][status] POST https://iam.googleapis.com/v1/projects/smart-questionnaire/serviceAccounts/smart-questionnaire@appspot.gserviceaccount.com:testIamPermissions 401
[debug] [2023-09-02T17:11:27.173Z] <<< [apiv2][body] POST https://iam.googleapis.com/v1/projects/smart-questionnaire/serviceAccounts/smart-questionnaire@appspot.gserviceaccount.com:testIamPermissions {"error":{"code":401,"message":"Request had invalid authentication credentials. Expected OAuth 2 access token, login cookie or other valid authentication credential. See https://developers.google.com/identity/sign-in/web/devconsole-project.","status":"UNAUTHENTICATED","details":[{"@type":"type.googleapis.com/google.rpc.ErrorInfo","reason":"ACCESS_TOKEN_TYPE_UNSUPPORTED","metadata":{"method":"google.iam.admin.v1.IAM.TestIamPermissions","service":"iam.googleapis.com"}}]}}
[debug] [2023-09-02T17:11:27.173Z] [functions] service account IAM check errored, deploy may fail: HTTP Error: 401, Request had invalid authentication credentials. Expected OAuth 2 access token, login cookie or other valid authentication credential. See https://developers.google.com/identity/sign-in/web/devconsole-project. {"name":"FirebaseError","children":[],"context":{"body":{"error":{"code":401,"message":"Request had invalid authentication credentials. Expected OAuth 2 access token, login cookie or other valid authentication credential. See https://developers.google.com/identity/sign-in/web/devconsole-project.","status":"UNAUTHENTICATED","details":[{"@type":"type.googleapis.com/google.rpc.ErrorInfo","reason":"ACCESS_TOKEN_TYPE_UNSUPPORTED","metadata":{"method":"google.iam.admin.v1.IAM.TestIamPermissions","service":"iam.googleapis.com"}}]}},"response":{"statusCode":401}},"exit":1,"message":"HTTP Error: 401, Request had invalid authentication credentials. Expected OAuth 2 access token, login cookie or other valid authentication credential. See https://developers.google.com/identity/sign-in/web/devconsole-project.","status":401}
[info] 
[info] === Deploying to 'smart-questionnaire'...
[info] 
[info] i  deploying functions 
[debug] [2023-09-02T17:11:27.216Z] > refreshing access token with scopes: []
[debug] [2023-09-02T17:11:27.216Z] >>> [apiv2][query] POST https://www.googleapis.com/oauth2/v3/token [none]
[debug] [2023-09-02T17:11:27.216Z] >>> [apiv2][body] POST https://www.googleapis.com/oauth2/v3/token [omitted]
[debug] [2023-09-02T17:11:27.344Z] <<< [apiv2][status] POST https://www.googleapis.com/oauth2/v3/token 400
[debug] [2023-09-02T17:11:27.345Z] <<< [apiv2][body] POST https://www.googleapis.com/oauth2/v3/token [omitted]
[debug] [2023-09-02T17:11:27.346Z] >>> [apiv2][query] GET https://firebase.googleapis.com/v1beta1/projects/smart-questionnaire [none]
[debug] [2023-09-02T17:11:27.549Z] <<< [apiv2][status] GET https://firebase.googleapis.com/v1beta1/projects/smart-questionnaire 401
[debug] [2023-09-02T17:11:27.550Z] <<< [apiv2][body] GET https://firebase.googleapis.com/v1beta1/projects/smart-questionnaire {"error":{"code":401,"message":"Request had invalid authentication credentials. Expected OAuth 2 access token, login cookie or other valid authentication credential. See https://developers.google.com/identity/sign-in/web/devconsole-project.","status":"UNAUTHENTICATED"}}
[debug] [2023-09-02T17:11:27.550Z] HTTP Error: 401, Request had invalid authentication credentials. Expected OAuth 2 access token, login cookie or other valid authentication credential. See https://developers.google.com/identity/sign-in/web/devconsole-project.
[debug] [2023-09-02T17:11:27.552Z] FirebaseError: HTTP Error: 401, Request had invalid authentication credentials. Expected OAuth 2 access token, login cookie or other valid authentication credential. See https://developers.google.com/identity/sign-in/web/devconsole-project.
    at responseToError (/Users/paulkathmann/.nvm/versions/node/v16.20.0/lib/node_modules/firebase-tools/lib/responseToError.js:49:12)
    at RetryOperation._fn (/Users/paulkathmann/.nvm/versions/node/v16.20.0/lib/node_modules/firebase-tools/lib/apiv2.js:288:77)
    at processTicksAndRejections (node:internal/process/task_queues:96:5)
[error] 
[error] Error: Failed to get Firebase project smart-questionnaire. Please make sure the project exists and your account has permission to access it.
